WARNING: A terminally deprecated method in sun.misc.Unsafe has been called
WARNING: sun.misc.Unsafe::staticFieldBase has been called by com.google.inject.internal.aop.HiddenClassDefiner (file:/C:/Users/monre/.m2/wrapper/dists/apache-maven-3.9.11/03d7e36a140982eea48e22c1dcac01d8862b2550b2939e09a0809bbc5182a5bc/lib/guice-5.1.0-classes.jar)
WARNING: Please consider reporting this to the maintainers of class com.google.inject.internal.aop.HiddenClassDefiner
WARNING: sun.misc.Unsafe::staticFieldBase will be removed in a future release
[INFO] Scanning for projects...
[INFO] 
[INFO] ---------------------< io.vertx:messagerie-vertx >----------------------
[INFO] Building messagerie-vertx 1.0.0-SNAPSHOT
[INFO]   from pom.xml
[INFO] --------------------------------[ jar ]---------------------------------
[INFO] 
[INFO] --- clean:3.2.0:clean (default-clean) @ messagerie-vertx ---
[INFO] Deleting D:\code\messagerie_vertx\messagerie-vertx\target
[INFO] 
[INFO] --- resources:3.3.1:resources (default-resources) @ messagerie-vertx ---
[INFO] skip non existing resourceDirectory D:\code\messagerie_vertx\messagerie-vertx\src\main\resources
[INFO] 
[INFO] --- compiler:3.8.1:compile (default-compile) @ messagerie-vertx ---
[INFO] Changes detected - recompiling the module!
[INFO] Compiling 6 source files to D:\code\messagerie_vertx\messagerie-vertx\target\classes
[INFO] ------------------------------------------------------------------------
[INFO] BUILD SUCCESS
[INFO] ------------------------------------------------------------------------
[INFO] Total time:  2.424 s
[INFO] Finished at: 2026-03-18T12:17:41+01:00
[INFO] ------------------------------------------------------------------------
