[INFO] Scanning for projects...
[INFO] 
[INFO] ---------------------< io.vertx:messagerie-vertx >----------------------
[INFO] Building messagerie-vertx 1.0.0-SNAPSHOT
[INFO]   from pom.xml
[INFO] --------------------------------[ jar ]---------------------------------
[INFO] 
[INFO] --- resources:3.3.1:resources (default-resources) @ messagerie-vertx ---
[INFO] Copying 1 resource from src/main/resources to target/classes
[INFO] 
[INFO] --- compiler:3.8.1:compile (default-compile) @ messagerie-vertx ---
[INFO] Nothing to compile - all classes are up to date
[INFO] 
[INFO] --- exec:3.0.0:java (default-cli) @ messagerie-vertx ---
mars 24, 2026 6:03:06 PM io.netty.resolver.dns.DnsServerAddressStreamProviders <clinit>
AVERTISSEMENT: Can not find io.netty.resolver.dns.macos.MacOSDnsServerAddressStreamProvider in the classpath, fallback to system defaults. This may result in incorrect DNS resolutions on MacOS. Check whether you have a dependency on 'io.netty:netty-resolver-dns-native-macos'
mars 24, 2026 6:03:06 PM com.mchange.v2.log.MLog 
INFOS: MLog clients using java 1.4+ standard logging.
mars 24, 2026 6:03:06 PM com.mchange.v2.c3p0.C3P0Registry 
INFOS: Initializing c3p0-0.9.5.5 [built 11-December-2019 22:18:33 -0800; debug? true; trace: 10]
mars 24, 2026 6:03:06 PM com.mchange.v2.c3p0.impl.AbstractPoolBackedDataSource 
INFOS: Initializing c3p0 pool... com.mchange.v2.c3p0.ComboPooledDataSource [ acquireIncrement -> 3, acquireRetryAttempts -> 30, acquireRetryDelay -> 1000, autoCommitOnClose -> false, automaticTestTable -> null, breakAfterAcquireFailure -> false, checkoutTimeout -> 0, connectionCustomizerClassName -> null, connectionTesterClassName -> com.mchange.v2.c3p0.impl.DefaultConnectionTester, contextClassLoaderSource -> caller, dataSourceName -> z8kfltbh93mox415xn0fe|3cdf2bac, debugUnreturnedConnectionStackTraces -> false, description -> null, driverClass -> org.hsqldb.jdbcDriver, extensions -> {}, factoryClassLocation -> null, forceIgnoreUnresolvedTransactions -> false, forceSynchronousCheckins -> false, forceUseNamedDriverClass -> false, identityToken -> z8kfltbh93mox415xn0fe|3cdf2bac, idleConnectionTestPeriod -> 0, initialPoolSize -> 3, jdbcUrl -> jdbc:hsqldb:file:db/chat_db, maxAdministrativeTaskTime -> 0, maxConnectionAge -> 0, maxIdleTime -> 0, maxIdleTimeExcessConnections -> 0, maxPoolSize -> 30, maxStatements -> 0, maxStatementsPerConnection -> 0, minPoolSize -> 3, numHelperThreads -> 3, preferredTestQuery -> null, privilegeSpawnedThreads -> false, properties -> {}, propertyCycle -> 0, statementCacheNumDeferredCloseThreads -> 0, testConnectionOnCheckin -> false, testConnectionOnCheckout -> false, unreturnedConnectionTimeout -> 0, userOverrides -> {}, usesTraditionalReflectiveProxies -> false ]
